{"C:\\Users\\lucas\\code\\Projeto-impacta-2026-backend\\src\\controllers\\authController.js": {"path":"C:\\Users\\lucas\\code\\Projeto-impacta-2026-backend\\src\\controllers\\authController.js","statementMap":{"0":{"start":{"line":5,"column":17},"end":{"line":37,"column":1}},"1":{"start":{"line":6,"column":4},"end":{"line":36,"column":5}},"2":{"start":{"line":7,"column":47},"end":{"line":7,"column":55}},"3":{"start":{"line":9,"column":8},"end":{"line":13,"column":9}},"4":{"start":{"line":10,"column":12},"end":{"line":12,"column":15}},"5":{"start":{"line":16,"column":29},"end":{"line":16,"column":60}},"6":{"start":{"line":18,"column":28},"end":{"line":23,"column":9}},"7":{"start":{"line":25,"column":8},"end":{"line":28,"column":11}},"8":{"start":{"line":31,"column":8},"end":{"line":31,"column":29}},"9":{"start":{"line":32,"column":8},"end":{"line":34,"column":11}},"10":{"start":{"line":40,"column":2},"end":{"line":58,"column":3}},"11":{"start":{"line":41,"column":32},"end":{"line":41,"column":40}},"12":{"start":{"line":43,"column":17},"end":{"line":43,"column":50}},"13":{"start":{"line":45,"column":18},"end":{"line":49,"column":5}},"14":{"start":{"line":51,"column":4},"end":{"line":54,"column":7}},"15":{"start":{"line":57,"column":4},"end":{"line":57,"column":51}}},"fnMap":{"0":{"name":"(anonymous_0)","decl":{"start":{"line":5,"column":17},"end":{"line":5,"column":18}},"loc":{"start":{"line":5,"column":37},"end":{"line":37,"column":1}},"line":5},"1":{"name":"login","decl":{"start":{"line":39,"column":15},"end":{"line":39,"column":20}},"loc":{"start":{"line":39,"column":31},"end":{"line":59,"column":1}},"line":39}},"branchMap":{"0":{"loc":{"start":{"line":9,"column":8},"end":{"line":13,"column":9}},"type":"if","locations":[{"start":{"line":9,"column":8},"end":{"line":13,"column":9}},{"start":{},"end":{}}],"line":9},"1":{"loc":{"start":{"line":9,"column":13},"end":{"line":9,"column":49}},"type":"binary-expr","locations":[{"start":{"line":9,"column":13},"end":{"line":9,"column":18}},{"start":{"line":9,"column":22},"end":{"line":9,"column":26}},{"start":{"line":9,"column":30},"end":{"line":9,"column":36}},{"start":{"line":9,"column":40},"end":{"line":9,"column":49}}],"line":9}},"s":{"0":1,"1":3,"2":3,"3":3,"4":1,"5":2,"6":1,"7":1,"8":1,"9":1,"10":2,"11":2,"12":2,"13":1,"14":1,"15":1},"f":{"0":3,"1":2},"b":{"0":[1,2],"1":[3,2,2,2]},"_coverageSchema":"1a1c01bbd47fc00a2c39e90264f33305004495a9","hash":"fde6f21d709565d8c8336c77928ee5adf6663b61"}
}
