TN:
SF:src\controllers\authController.js
FN:5,(anonymous_0)
FN:39,login
FNF:2
FNH:2
FNDA:3,(anonymous_0)
FNDA:2,login
DA:5,1
DA:6,3
DA:7,3
DA:9,3
DA:10,1
DA:16,2
DA:18,1
DA:25,1
DA:31,1
DA:32,1
DA:40,2
DA:41,2
DA:43,2
DA:45,1
DA:51,1
DA:57,1
LF:16
LH:16
BRDA:9,0,0,1
BRDA:9,0,1,2
BRDA:9,1,0,3
BRDA:9,1,1,2
BRDA:9,1,2,2
BRDA:9,1,3,2
BRF:6
BRH:6
end_of_record
TN:
SF:src\controllers\dashboardController.js
FN:3,dashboardController
FNF:1
FNH:1
FNDA:2,dashboardController
DA:4,2
DA:5,2
DA:7,1
DA:12,1
LF:4
LH:4
BRF:0
BRH:0
end_of_record
